sample.interval=20000
"cov" "knockoffs" "knockoff.filter" 
"<Anonymous>" "do.call" "eigs_real_sym" "eigs.matrix" "RSpectra::eigs" "is_posdef" "knockoffs" "knockoff.filter" 
"<Anonymous>" "do.call" "eigs_real_sym" "eigs.matrix" "RSpectra::eigs" "is_posdef" "knockoffs" "knockoff.filter" 
"<Anonymous>" "do.call" "eigs_real_sym" "eigs.matrix" "RSpectra::eigs" "is_posdef" "knockoffs" "knockoff.filter" 
"<Anonymous>" "do.call" "eigs_real_sym" "eigs.matrix" "RSpectra::eigs" "is_posdef" "knockoffs" "knockoff.filter" 
"t.default" "t" "mode" "attr.all.equal" "all.equal.numeric" "all.equal" "isSymmetric.matrix" "eigen" "is_posdef" "knockoffs" "knockoff.filter" 
"eigen" "is_posdef" "knockoffs" "knockoff.filter" 
"eigen" "is_posdef" "knockoffs" "knockoff.filter" 
"eigen" "is_posdef" "knockoffs" "knockoff.filter" 
"aperm.default" "aperm" "sweep" "estimate.lambda" "pvt.powscor" "corpcor::cov.shrink" "matrix" "withCallingHandlers" "suppressWarnings" "doTryCatch" "tryCatchOne" "tryCatchList" "doTryCatch" "tryCatchOne" "tryCatchList" "tryCatch" "knockoffs" "knockoff.filter" 
"crossprod" "nsmall.svd" "fast.svd" "estimate.lambda" "pvt.powscor" "corpcor::cov.shrink" "matrix" "withCallingHandlers" "suppressWarnings" "doTryCatch" "tryCatchOne" "tryCatchList" "doTryCatch" "tryCatchOne" "tryCatchList" "tryCatch" "knockoffs" "knockoff.filter" 
"diag<-" "pvt.powscor" "corpcor::cov.shrink" "matrix" "withCallingHandlers" "suppressWarnings" "doTryCatch" "tryCatchOne" "tryCatchList" "doTryCatch" "tryCatchOne" "tryCatchList" "tryCatch" "knockoffs" "knockoff.filter" 
"all.equal.numeric" "all.equal" "isSymmetric.matrix" "isSymmetric" "standardGeneric" "isSymmetric" "eigs.matrix" "RSpectra::eigs" "is_posdef" "create.solve_sdp" "diag" "create.gaussian" "knockoffs" "knockoff.filter" 
"<Anonymous>" "do.call" "eigs_real_sym" "eigs.matrix" "RSpectra::eigs" "is_posdef" "create.solve_sdp" "diag" "create.gaussian" "knockoffs" "knockoff.filter" 
".cbind2Csp" "cbind2sparse" "cbind2" "cbind2" "cbind2" "cbind2" "cbind" "cbind" "create.solve_sdp" "diag" "create.gaussian" "knockoffs" "knockoff.filter" 
"cbind" "sedumi2sdpa" "Rdsdp::dsdp" "create.solve_sdp" "diag" "create.gaussian" "knockoffs" "knockoff.filter" 
"asMethod" "as" "standardGeneric" "drop" "subCsp_rows" "[" "[" "eval" "eval" "callGeneric" "[" "[" "sedumi2sdpa" "Rdsdp::dsdp" "create.solve_sdp" "diag" "create.gaussian" "knockoffs" "knockoff.filter" 
"matrix" "sedumi2sdpa" "Rdsdp::dsdp" "create.solve_sdp" "diag" "create.gaussian" "knockoffs" "knockoff.filter" 
"matrix" "sedumi2sdpa" "Rdsdp::dsdp" "create.solve_sdp" "diag" "create.gaussian" "knockoffs" "knockoff.filter" 
"matrix" "sedumi2sdpa" "Rdsdp::dsdp" "create.solve_sdp" "diag" "create.gaussian" "knockoffs" "knockoff.filter" 
"matrix" "sedumi2sdpa" "Rdsdp::dsdp" "create.solve_sdp" "diag" "create.gaussian" "knockoffs" "knockoff.filter" 
"matrix" "sedumi2sdpa" "Rdsdp::dsdp" "create.solve_sdp" "diag" "create.gaussian" "knockoffs" "knockoff.filter" 
"matrix" "sedumi2sdpa" "Rdsdp::dsdp" "create.solve_sdp" "diag" "create.gaussian" "knockoffs" "knockoff.filter" 
"matrix" "sedumi2sdpa" "Rdsdp::dsdp" "create.solve_sdp" "diag" "create.gaussian" "knockoffs" "knockoff.filter" 
"subCsp_rows" "[" "[" "eval" "eval" "callGeneric" "[" "[" "sedumi2sdpa" "Rdsdp::dsdp" "create.solve_sdp" "diag" "create.gaussian" "knockoffs" "knockoff.filter" 
"rbind" "sedumi2sdpa" "Rdsdp::dsdp" "create.solve_sdp" "diag" "create.gaussian" "knockoffs" "knockoff.filter" 
"which" "sedumi2sdpa" "Rdsdp::dsdp" "create.solve_sdp" "diag" "create.gaussian" "knockoffs" "knockoff.filter" 
"rbind" "sedumi2sdpa" "Rdsdp::dsdp" "create.solve_sdp" "diag" "create.gaussian" "knockoffs" "knockoff.filter" 
"subCsp_rows" "[" "[" "eval" "eval" "callGeneric" "[" "[" "sedumi2sdpa" "Rdsdp::dsdp" "create.solve_sdp" "diag" "create.gaussian" "knockoffs" "knockoff.filter" 
"asMethod" "as" "standardGeneric" "drop" "subCsp_rows" "[" "[" "eval" "eval" "callGeneric" "[" "[" "sedumi2sdpa" "Rdsdp::dsdp" "create.solve_sdp" "diag" "create.gaussian" "knockoffs" "knockoff.filter" 
"rbind" "sedumi2sdpa" "Rdsdp::dsdp" "create.solve_sdp" "diag" "create.gaussian" "knockoffs" "knockoff.filter" 
"asMethod" "as" "standardGeneric" "drop" "subCsp_rows" "[" "[" "eval" "eval" "callGeneric" "[" "[" "sedumi2sdpa" "Rdsdp::dsdp" "create.solve_sdp" "diag" "create.gaussian" "knockoffs" "knockoff.filter" 
"asMethod" "as" "standardGeneric" "drop" "subCsp_rows" "[" "[" "eval" "eval" "callGeneric" "[" "[" "sedumi2sdpa" "Rdsdp::dsdp" "create.solve_sdp" "diag" "create.gaussian" "knockoffs" "knockoff.filter" 
"matrix" "sedumi2sdpa" "Rdsdp::dsdp" "create.solve_sdp" "diag" "create.gaussian" "knockoffs" "knockoff.filter" 
"matrix" "sedumi2sdpa" "Rdsdp::dsdp" "create.solve_sdp" "diag" "create.gaussian" "knockoffs" "knockoff.filter" 
"matrix" "sedumi2sdpa" "Rdsdp::dsdp" "create.solve_sdp" "diag" "create.gaussian" "knockoffs" "knockoff.filter" 
"matrix" "sedumi2sdpa" "Rdsdp::dsdp" "create.solve_sdp" "diag" "create.gaussian" "knockoffs" "knockoff.filter" 
"matrix" "sedumi2sdpa" "Rdsdp::dsdp" "create.solve_sdp" "diag" "create.gaussian" "knockoffs" "knockoff.filter" 
"matrix" "sedumi2sdpa" "Rdsdp::dsdp" "create.solve_sdp" "diag" "create.gaussian" "knockoffs" "knockoff.filter" 
"asMethod" "as" "standardGeneric" "drop" "subCsp_rows" "[" "[" "eval" "eval" "callGeneric" "[" "[" "sedumi2sdpa" "Rdsdp::dsdp" "create.solve_sdp" "diag" "create.gaussian" "knockoffs" "knockoff.filter" 
"subCsp_rows" "[" "[" "eval" "eval" "callGeneric" "[" "[" "sedumi2sdpa" "Rdsdp::dsdp" "create.solve_sdp" "diag" "create.gaussian" "knockoffs" "knockoff.filter" 
"subCsp_rows" "[" "[" "eval" "eval" "callGeneric" "[" "[" "sedumi2sdpa" "Rdsdp::dsdp" "create.solve_sdp" "diag" "create.gaussian" "knockoffs" "knockoff.filter" 
"rbind" "sedumi2sdpa" "Rdsdp::dsdp" "create.solve_sdp" "diag" "create.gaussian" "knockoffs" "knockoff.filter" 
"rbind" "sedumi2sdpa" "Rdsdp::dsdp" "create.solve_sdp" "diag" "create.gaussian" "knockoffs" "knockoff.filter" 
"asMethod" "as" "standardGeneric" "drop" "subCsp_rows" "[" "[" "eval" "eval" "callGeneric" "[" "[" "sedumi2sdpa" "Rdsdp::dsdp" "create.solve_sdp" "diag" "create.gaussian" "knockoffs" "knockoff.filter" 
"rbind" "sedumi2sdpa" "Rdsdp::dsdp" "create.solve_sdp" "diag" "create.gaussian" "knockoffs" "knockoff.filter" 
"asMethod" "as" "standardGeneric" "drop" "subCsp_rows" "[" "[" "eval" "eval" "callGeneric" "[" "[" "sedumi2sdpa" "Rdsdp::dsdp" "create.solve_sdp" "diag" "create.gaussian" "knockoffs" "knockoff.filter" 
"rbind" "sedumi2sdpa" "Rdsdp::dsdp" "create.solve_sdp" "diag" "create.gaussian" "knockoffs" "knockoff.filter" 
"rbind" "sedumi2sdpa" "Rdsdp::dsdp" "create.solve_sdp" "diag" "create.gaussian" "knockoffs" "knockoff.filter" 
"subCsp_rows" "[" "[" "eval" "eval" "callGeneric" "[" "[" "sedumi2sdpa" "Rdsdp::dsdp" "create.solve_sdp" "diag" "create.gaussian" "knockoffs" "knockoff.filter" 
"subCsp_rows" "[" "[" "eval" "eval" "callGeneric" "[" "[" "sedumi2sdpa" "Rdsdp::dsdp" "create.solve_sdp" "diag" "create.gaussian" "knockoffs" "knockoff.filter" 
"matrix" "sedumi2sdpa" "Rdsdp::dsdp" "create.solve_sdp" "diag" "create.gaussian" "knockoffs" "knockoff.filter" 
"rbind" "sedumi2sdpa" "Rdsdp::dsdp" "create.solve_sdp" "diag" "create.gaussian" "knockoffs" "knockoff.filter" 
"subCsp_rows" "[" "[" "eval" "eval" "callGeneric" "[" "[" "sedumi2sdpa" "Rdsdp::dsdp" "create.solve_sdp" "diag" "create.gaussian" "knockoffs" "knockoff.filter" 
"which" "sedumi2sdpa" "Rdsdp::dsdp" "create.solve_sdp" "diag" "create.gaussian" "knockoffs" "knockoff.filter" 
"subCsp_rows" "[" "[" "eval" "eval" "callGeneric" "[" "[" "sedumi2sdpa" "Rdsdp::dsdp" "create.solve_sdp" "diag" "create.gaussian" "knockoffs" "knockoff.filter" 
"subCsp_rows" "[" "[" "eval" "eval" "callGeneric" "[" "[" "sedumi2sdpa" "Rdsdp::dsdp" "create.solve_sdp" "diag" "create.gaussian" "knockoffs" "knockoff.filter" 
"subCsp_rows" "[" "[" "eval" "eval" "callGeneric" "[" "[" "sedumi2sdpa" "Rdsdp::dsdp" "create.solve_sdp" "diag" "create.gaussian" "knockoffs" "knockoff.filter" 
"subCsp_rows" "[" "[" "eval" "eval" "callGeneric" "[" "[" "sedumi2sdpa" "Rdsdp::dsdp" "create.solve_sdp" "diag" "create.gaussian" "knockoffs" "knockoff.filter" 
"subCsp_rows" "[" "[" "eval" "eval" "callGeneric" "[" "[" "sedumi2sdpa" "Rdsdp::dsdp" "create.solve_sdp" "diag" "create.gaussian" "knockoffs" "knockoff.filter" 
"rbind" "sedumi2sdpa" "Rdsdp::dsdp" "create.solve_sdp" "diag" "create.gaussian" "knockoffs" "knockoff.filter" 
"rbind" "sedumi2sdpa" "Rdsdp::dsdp" "create.solve_sdp" "diag" "create.gaussian" "knockoffs" "knockoff.filter" 
"rbind" "sedumi2sdpa" "Rdsdp::dsdp" "create.solve_sdp" "diag" "create.gaussian" "knockoffs" "knockoff.filter" 
"subCsp_rows" "[" "[" "eval" "eval" "callGeneric" "[" "[" "sedumi2sdpa" "Rdsdp::dsdp" "create.solve_sdp" "diag" "create.gaussian" "knockoffs" "knockoff.filter" 
"rbind" "sedumi2sdpa" "Rdsdp::dsdp" "create.solve_sdp" "diag" "create.gaussian" "knockoffs" "knockoff.filter" 
"rbind" "sedumi2sdpa" "Rdsdp::dsdp" "create.solve_sdp" "diag" "create.gaussian" "knockoffs" "knockoff.filter" 
"matrix" "sedumi2sdpa" "Rdsdp::dsdp" "create.solve_sdp" "diag" "create.gaussian" "knockoffs" "knockoff.filter" 
"subCsp_rows" "[" "[" "eval" "eval" "callGeneric" "[" "[" "sedumi2sdpa" "Rdsdp::dsdp" "create.solve_sdp" "diag" "create.gaussian" "knockoffs" "knockoff.filter" 
"subCsp_rows" "[" "[" "eval" "eval" "callGeneric" "[" "[" "sedumi2sdpa" "Rdsdp::dsdp" "create.solve_sdp" "diag" "create.gaussian" "knockoffs" "knockoff.filter" 
"matrix" "sedumi2sdpa" "Rdsdp::dsdp" "create.solve_sdp" "diag" "create.gaussian" "knockoffs" "knockoff.filter" 
"which" "sedumi2sdpa" "Rdsdp::dsdp" "create.solve_sdp" "diag" "create.gaussian" "knockoffs" "knockoff.filter" 
"asMethod" "as" "standardGeneric" "drop" "subCsp_rows" "[" "[" "eval" "eval" "callGeneric" "[" "[" "sedumi2sdpa" "Rdsdp::dsdp" "create.solve_sdp" "diag" "create.gaussian" "knockoffs" "knockoff.filter" 
"matrix" "sedumi2sdpa" "Rdsdp::dsdp" "create.solve_sdp" "diag" "create.gaussian" "knockoffs" "knockoff.filter" 
"matrix" "sedumi2sdpa" "Rdsdp::dsdp" "create.solve_sdp" "diag" "create.gaussian" "knockoffs" "knockoff.filter" 
"rbind" "sedumi2sdpa" "Rdsdp::dsdp" "create.solve_sdp" "diag" "create.gaussian" "knockoffs" "knockoff.filter" 
"subCsp_rows" "[" "[" "eval" "eval" "callGeneric" "[" "[" "sedumi2sdpa" "Rdsdp::dsdp" "create.solve_sdp" "diag" "create.gaussian" "knockoffs" "knockoff.filter" 
"rbind" "sedumi2sdpa" "Rdsdp::dsdp" "create.solve_sdp" "diag" "create.gaussian" "knockoffs" "knockoff.filter" 
"matrix" "sedumi2sdpa" "Rdsdp::dsdp" "create.solve_sdp" "diag" "create.gaussian" "knockoffs" "knockoff.filter" 
"matrix" "sedumi2sdpa" "Rdsdp::dsdp" "create.solve_sdp" "diag" "create.gaussian" "knockoffs" "knockoff.filter" 
"matrix" "sedumi2sdpa" "Rdsdp::dsdp" "create.solve_sdp" "diag" "create.gaussian" "knockoffs" "knockoff.filter" 
"matrix" "sedumi2sdpa" "Rdsdp::dsdp" "create.solve_sdp" "diag" "create.gaussian" "knockoffs" "knockoff.filter" 
"matrix" "sedumi2sdpa" "Rdsdp::dsdp" "create.solve_sdp" "diag" "create.gaussian" "knockoffs" "knockoff.filter" 
"subCsp_rows" "[" "[" "eval" "eval" "callGeneric" "[" "[" "sedumi2sdpa" "Rdsdp::dsdp" "create.solve_sdp" "diag" "create.gaussian" "knockoffs" "knockoff.filter" 
"rbind" "sedumi2sdpa" "Rdsdp::dsdp" "create.solve_sdp" "diag" "create.gaussian" "knockoffs" "knockoff.filter" 
"which" "sedumi2sdpa" "Rdsdp::dsdp" "create.solve_sdp" "diag" "create.gaussian" "knockoffs" "knockoff.filter" 
"rbind" "sedumi2sdpa" "Rdsdp::dsdp" "create.solve_sdp" "diag" "create.gaussian" "knockoffs" "knockoff.filter" 
"matrix" "sedumi2sdpa" "Rdsdp::dsdp" "create.solve_sdp" "diag" "create.gaussian" "knockoffs" "knockoff.filter" 
"matrix" "sedumi2sdpa" "Rdsdp::dsdp" "create.solve_sdp" "diag" "create.gaussian" "knockoffs" "knockoff.filter" 
"rbind" "sedumi2sdpa" "Rdsdp::dsdp" "create.solve_sdp" "diag" "create.gaussian" "knockoffs" "knockoff.filter" 
"rbind" "sedumi2sdpa" "Rdsdp::dsdp" "create.solve_sdp" "diag" "create.gaussian" "knockoffs" "knockoff.filter" 
"rbind" "sedumi2sdpa" "Rdsdp::dsdp" "create.solve_sdp" "diag" "create.gaussian" "knockoffs" "knockoff.filter" 
"rbind" "sedumi2sdpa" "Rdsdp::dsdp" "create.solve_sdp" "diag" "create.gaussian" "knockoffs" "knockoff.filter" 
"rbind" "sedumi2sdpa" "Rdsdp::dsdp" "create.solve_sdp" "diag" "create.gaussian" "knockoffs" "knockoff.filter" 
"subCsp_rows" "[" "[" "eval" "eval" "callGeneric" "[" "[" "sedumi2sdpa" "Rdsdp::dsdp" "create.solve_sdp" "diag" "create.gaussian" "knockoffs" "knockoff.filter" 
"subCsp_rows" "[" "[" "eval" "eval" "callGeneric" "[" "[" "sedumi2sdpa" "Rdsdp::dsdp" "create.solve_sdp" "diag" "create.gaussian" "knockoffs" "knockoff.filter" 
"matrix" "sedumi2sdpa" "Rdsdp::dsdp" "create.solve_sdp" "diag" "create.gaussian" "knockoffs" "knockoff.filter" 
"rbind" "sedumi2sdpa" "Rdsdp::dsdp" "create.solve_sdp" "diag" "create.gaussian" "knockoffs" "knockoff.filter" 
"matrix" "sedumi2sdpa" "Rdsdp::dsdp" "create.solve_sdp" "diag" "create.gaussian" "knockoffs" "knockoff.filter" 
"matrix" "sedumi2sdpa" "Rdsdp::dsdp" "create.solve_sdp" "diag" "create.gaussian" "knockoffs" "knockoff.filter" 
"subCsp_rows" "[" "[" "eval" "eval" "callGeneric" "[" "[" "sedumi2sdpa" "Rdsdp::dsdp" "create.solve_sdp" "diag" "create.gaussian" "knockoffs" "knockoff.filter" 
"subCsp_rows" "[" "[" "eval" "eval" "callGeneric" "[" "[" "sedumi2sdpa" "Rdsdp::dsdp" "create.solve_sdp" "diag" "create.gaussian" "knockoffs" "knockoff.filter" 
"subCsp_rows" "[" "[" "eval" "eval" "callGeneric" "[" "[" "sedumi2sdpa" "Rdsdp::dsdp" "create.solve_sdp" "diag" "create.gaussian" "knockoffs" "knockoff.filter" 
"subCsp_rows" "[" "[" "eval" "eval" "callGeneric" "[" "[" "sedumi2sdpa" "Rdsdp::dsdp" "create.solve_sdp" "diag" "create.gaussian" "knockoffs" "knockoff.filter" 
"subCsp_rows" "[" "[" "eval" "eval" "callGeneric" "[" "[" "sedumi2sdpa" "Rdsdp::dsdp" "create.solve_sdp" "diag" "create.gaussian" "knockoffs" "knockoff.filter" 
"rbind" "sedumi2sdpa" "Rdsdp::dsdp" "create.solve_sdp" "diag" "create.gaussian" "knockoffs" "knockoff.filter" 
"rbind" "sedumi2sdpa" "Rdsdp::dsdp" "create.solve_sdp" "diag" "create.gaussian" "knockoffs" "knockoff.filter" 
"subCsp_rows" "[" "[" "eval" "eval" "callGeneric" "[" "[" "sedumi2sdpa" "Rdsdp::dsdp" "create.solve_sdp" "diag" "create.gaussian" "knockoffs" "knockoff.filter" 
"subCsp_rows" "[" "[" "eval" "eval" "callGeneric" "[" "[" "sedumi2sdpa" "Rdsdp::dsdp" "create.solve_sdp" "diag" "create.gaussian" "knockoffs" "knockoff.filter" 
"rbind" "sedumi2sdpa" "Rdsdp::dsdp" "create.solve_sdp" "diag" "create.gaussian" "knockoffs" "knockoff.filter" 
"subCsp_rows" "[" "[" "eval" "eval" "callGeneric" "[" "[" "sedumi2sdpa" "Rdsdp::dsdp" "create.solve_sdp" "diag" "create.gaussian" "knockoffs" "knockoff.filter" 
"rbind" "sedumi2sdpa" "Rdsdp::dsdp" "create.solve_sdp" "diag" "create.gaussian" "knockoffs" "knockoff.filter" 
"rbind" "sedumi2sdpa" "Rdsdp::dsdp" "create.solve_sdp" "diag" "create.gaussian" "knockoffs" "knockoff.filter" 
"rbind" "sedumi2sdpa" "Rdsdp::dsdp" "create.solve_sdp" "diag" "create.gaussian" "knockoffs" "knockoff.filter" 
"matrix" "sedumi2sdpa" "Rdsdp::dsdp" "create.solve_sdp" "diag" "create.gaussian" "knockoffs" "knockoff.filter" 
"rbind" "sedumi2sdpa" "Rdsdp::dsdp" "create.solve_sdp" "diag" "create.gaussian" "knockoffs" "knockoff.filter" 
"subCsp_rows" "[" "[" "eval" "eval" "callGeneric" "[" "[" "sedumi2sdpa" "Rdsdp::dsdp" "create.solve_sdp" "diag" "create.gaussian" "knockoffs" "knockoff.filter" 
"subCsp_rows" "[" "[" "eval" "eval" "callGeneric" "[" "[" "sedumi2sdpa" "Rdsdp::dsdp" "create.solve_sdp" "diag" "create.gaussian" "knockoffs" "knockoff.filter" 
"subCsp_rows" "[" "[" "eval" "eval" "callGeneric" "[" "[" "sedumi2sdpa" "Rdsdp::dsdp" "create.solve_sdp" "diag" "create.gaussian" "knockoffs" "knockoff.filter" 
"rbind" "sedumi2sdpa" "Rdsdp::dsdp" "create.solve_sdp" "diag" "create.gaussian" "knockoffs" "knockoff.filter" 
"rbind" "sedumi2sdpa" "Rdsdp::dsdp" "create.solve_sdp" "diag" "create.gaussian" "knockoffs" "knockoff.filter" 
"asMethod" "as" "standardGeneric" "drop" "subCsp_rows" "[" "[" "eval" "eval" "callGeneric" "[" "[" "sedumi2sdpa" "Rdsdp::dsdp" "create.solve_sdp" "diag" "create.gaussian" "knockoffs" "knockoff.filter" 
"matrix" "sedumi2sdpa" "Rdsdp::dsdp" "create.solve_sdp" "diag" "create.gaussian" "knockoffs" "knockoff.filter" 
"matrix" "sedumi2sdpa" "Rdsdp::dsdp" "create.solve_sdp" "diag" "create.gaussian" "knockoffs" "knockoff.filter" 
"which" "sedumi2sdpa" "Rdsdp::dsdp" "create.solve_sdp" "diag" "create.gaussian" "knockoffs" "knockoff.filter" 
"asMethod" "as" "standardGeneric" "drop" "subCsp_rows" "[" "[" "eval" "eval" "callGeneric" "[" "[" "sedumi2sdpa" "Rdsdp::dsdp" "create.solve_sdp" "diag" "create.gaussian" "knockoffs" "knockoff.filter" 
"asMethod" "as" "standardGeneric" "drop" "subCsp_rows" "[" "[" "eval" "eval" "callGeneric" "[" "[" "sedumi2sdpa" "Rdsdp::dsdp" "create.solve_sdp" "diag" "create.gaussian" "knockoffs" "knockoff.filter" 
"asMethod" "as" "standardGeneric" "drop" "subCsp_rows" "[" "[" "eval" "eval" "callGeneric" "[" "[" "sedumi2sdpa" "Rdsdp::dsdp" "create.solve_sdp" "diag" "create.gaussian" "knockoffs" "knockoff.filter" 
"asMethod" "as" "standardGeneric" "drop" "subCsp_rows" "[" "[" "eval" "eval" "callGeneric" "[" "[" "sedumi2sdpa" "Rdsdp::dsdp" "create.solve_sdp" "diag" "create.gaussian" "knockoffs" "knockoff.filter" 
"asMethod" "as" "standardGeneric" "drop" "subCsp_rows" "[" "[" "eval" "eval" "callGeneric" "[" "[" "sedumi2sdpa" "Rdsdp::dsdp" "create.solve_sdp" "diag" "create.gaussian" "knockoffs" "knockoff.filter" 
"rbind" "sedumi2sdpa" "Rdsdp::dsdp" "create.solve_sdp" "diag" "create.gaussian" "knockoffs" "knockoff.filter" 
"which" "sedumi2sdpa" "Rdsdp::dsdp" "create.solve_sdp" "diag" "create.gaussian" "knockoffs" "knockoff.filter" 
"rbind" "sedumi2sdpa" "Rdsdp::dsdp" "create.solve_sdp" "diag" "create.gaussian" "knockoffs" "knockoff.filter" 
"subCsp_rows" "[" "[" "eval" "eval" "callGeneric" "[" "[" "sedumi2sdpa" "Rdsdp::dsdp" "create.solve_sdp" "diag" "create.gaussian" "knockoffs" "knockoff.filter" 
"asMethod" "as" "standardGeneric" "drop" "subCsp_rows" "[" "[" "eval" "eval" "callGeneric" "[" "[" "sedumi2sdpa" "Rdsdp::dsdp" "create.solve_sdp" "diag" "create.gaussian" "knockoffs" "knockoff.filter" 
"asMethod" "as" "standardGeneric" "drop" "subCsp_rows" "[" "[" "eval" "eval" "callGeneric" "[" "[" "sedumi2sdpa" "Rdsdp::dsdp" "create.solve_sdp" "diag" "create.gaussian" "knockoffs" "knockoff.filter" 
"rbind" "sedumi2sdpa" "Rdsdp::dsdp" "create.solve_sdp" "diag" "create.gaussian" "knockoffs" "knockoff.filter" 
"matrix" "sedumi2sdpa" "Rdsdp::dsdp" "create.solve_sdp" "diag" "create.gaussian" "knockoffs" "knockoff.filter" 
"matrix" "sedumi2sdpa" "Rdsdp::dsdp" "create.solve_sdp" "diag" "create.gaussian" "knockoffs" "knockoff.filter" 
"subCsp_rows" "[" "[" "eval" "eval" "callGeneric" "[" "[" "sedumi2sdpa" "Rdsdp::dsdp" "create.solve_sdp" "diag" "create.gaussian" "knockoffs" "knockoff.filter" 
"asMethod" "as" "standardGeneric" "drop" "subCsp_rows" "[" "[" "eval" "eval" "callGeneric" "[" "[" "sedumi2sdpa" "Rdsdp::dsdp" "create.solve_sdp" "diag" "create.gaussian" "knockoffs" "knockoff.filter" 
"asMethod" "as" "standardGeneric" "drop" "subCsp_rows" "[" "[" "eval" "eval" "callGeneric" "[" "[" "sedumi2sdpa" "Rdsdp::dsdp" "create.solve_sdp" "diag" "create.gaussian" "knockoffs" "knockoff.filter" 
"rbind" "sedumi2sdpa" "Rdsdp::dsdp" "create.solve_sdp" "diag" "create.gaussian" "knockoffs" "knockoff.filter" 
"rbind" "sedumi2sdpa" "Rdsdp::dsdp" "create.solve_sdp" "diag" "create.gaussian" "knockoffs" "knockoff.filter" 
"rbind" "sedumi2sdpa" "Rdsdp::dsdp" "create.solve_sdp" "diag" "create.gaussian" "knockoffs" "knockoff.filter" 
"rbind" "sedumi2sdpa" "Rdsdp::dsdp" "create.solve_sdp" "diag" "create.gaussian" "knockoffs" "knockoff.filter" 
"rbind" "sedumi2sdpa" "Rdsdp::dsdp" "create.solve_sdp" "diag" "create.gaussian" "knockoffs" "knockoff.filter" 
"rbind" "sedumi2sdpa" "Rdsdp::dsdp" "create.solve_sdp" "diag" "create.gaussian" "knockoffs" "knockoff.filter" 
"rbind" "sedumi2sdpa" "Rdsdp::dsdp" "create.solve_sdp" "diag" "create.gaussian" "knockoffs" "knockoff.filter" 
"rbind" "sedumi2sdpa" "Rdsdp::dsdp" "create.solve_sdp" "diag" "create.gaussian" "knockoffs" "knockoff.filter" 
"subCsp_rows" "[" "[" "eval" "eval" "callGeneric" "[" "[" "sedumi2sdpa" "Rdsdp::dsdp" "create.solve_sdp" "diag" "create.gaussian" "knockoffs" "knockoff.filter" 
"asMethod" "as" "standardGeneric" "drop" "subCsp_rows" "[" "[" "eval" "eval" "callGeneric" "[" "[" "sedumi2sdpa" "Rdsdp::dsdp" "create.solve_sdp" "diag" "create.gaussian" "knockoffs" "knockoff.filter" 
"rbind" "sedumi2sdpa" "Rdsdp::dsdp" "create.solve_sdp" "diag" "create.gaussian" "knockoffs" "knockoff.filter" 
"matrix" "sedumi2sdpa" "Rdsdp::dsdp" "create.solve_sdp" "diag" "create.gaussian" "knockoffs" "knockoff.filter" 
"rbind" "sedumi2sdpa" "Rdsdp::dsdp" "create.solve_sdp" "diag" "create.gaussian" "knockoffs" "knockoff.filter" 
"rbind" "sedumi2sdpa" "Rdsdp::dsdp" "create.solve_sdp" "diag" "create.gaussian" "knockoffs" "knockoff.filter" 
"rbind" "sedumi2sdpa" "Rdsdp::dsdp" "create.solve_sdp" "diag" "create.gaussian" "knockoffs" "knockoff.filter" 
"rbind" "sedumi2sdpa" "Rdsdp::dsdp" "create.solve_sdp" "diag" "create.gaussian" "knockoffs" "knockoff.filter" 
"subCsp_rows" "[" "[" "eval" "eval" "callGeneric" "[" "[" "sedumi2sdpa" "Rdsdp::dsdp" "create.solve_sdp" "diag" "create.gaussian" "knockoffs" "knockoff.filter" 
"asMethod" "as" "standardGeneric" "drop" "subCsp_rows" "[" "[" "eval" "eval" "callGeneric" "[" "[" "sedumi2sdpa" "Rdsdp::dsdp" "create.solve_sdp" "diag" "create.gaussian" "knockoffs" "knockoff.filter" 
"subCsp_rows" "[" "[" "eval" "eval" "callGeneric" "[" "[" "sedumi2sdpa" "Rdsdp::dsdp" "create.solve_sdp" "diag" "create.gaussian" "knockoffs" "knockoff.filter" 
"which" "sedumi2sdpa" "Rdsdp::dsdp" "create.solve_sdp" "diag" "create.gaussian" "knockoffs" "knockoff.filter" 
"which" "sedumi2sdpa" "Rdsdp::dsdp" "create.solve_sdp" "diag" "create.gaussian" "knockoffs" "knockoff.filter" 
"asMethod" "as" "standardGeneric" "drop" "subCsp_rows" "[" "[" "eval" "eval" "callGeneric" "[" "[" "sedumi2sdpa" "Rdsdp::dsdp" "create.solve_sdp" "diag" "create.gaussian" "knockoffs" "knockoff.filter" 
"asMethod" "as" "standardGeneric" "drop" "subCsp_rows" "[" "[" "eval" "eval" "callGeneric" "[" "[" "sedumi2sdpa" "Rdsdp::dsdp" "create.solve_sdp" "diag" "create.gaussian" "knockoffs" "knockoff.filter" 
"rbind" "sedumi2sdpa" "Rdsdp::dsdp" "create.solve_sdp" "diag" "create.gaussian" "knockoffs" "knockoff.filter" 
"rbind" "sedumi2sdpa" "Rdsdp::dsdp" "create.solve_sdp" "diag" "create.gaussian" "knockoffs" "knockoff.filter" 
"rbind" "sedumi2sdpa" "Rdsdp::dsdp" "create.solve_sdp" "diag" "create.gaussian" "knockoffs" "knockoff.filter" 
"matrix" "sedumi2sdpa" "Rdsdp::dsdp" "create.solve_sdp" "diag" "create.gaussian" "knockoffs" "knockoff.filter" 
"subCsp_rows" "[" "[" "eval" "eval" "callGeneric" "[" "[" "sedumi2sdpa" "Rdsdp::dsdp" "create.solve_sdp" "diag" "create.gaussian" "knockoffs" "knockoff.filter" 
"rbind" "sedumi2sdpa" "Rdsdp::dsdp" "create.solve_sdp" "diag" "create.gaussian" "knockoffs" "knockoff.filter" 
"rbind" "sedumi2sdpa" "Rdsdp::dsdp" "create.solve_sdp" "diag" "create.gaussian" "knockoffs" "knockoff.filter" 
"rbind" "sedumi2sdpa" "Rdsdp::dsdp" "create.solve_sdp" "diag" "create.gaussian" "knockoffs" "knockoff.filter" 
"rbind" "sedumi2sdpa" "Rdsdp::dsdp" "create.solve_sdp" "diag" "create.gaussian" "knockoffs" "knockoff.filter" 
"matrix" "sedumi2sdpa" "Rdsdp::dsdp" "create.solve_sdp" "diag" "create.gaussian" "knockoffs" "knockoff.filter" 
"matrix" "sedumi2sdpa" "Rdsdp::dsdp" "create.solve_sdp" "diag" "create.gaussian" "knockoffs" "knockoff.filter" 
"which" "sedumi2sdpa" "Rdsdp::dsdp" "create.solve_sdp" "diag" "create.gaussian" "knockoffs" "knockoff.filter" 
"rbind" "sedumi2sdpa" "Rdsdp::dsdp" "create.solve_sdp" "diag" "create.gaussian" "knockoffs" "knockoff.filter" 
".External2" "write.table" "sedumi2sdpa" "Rdsdp::dsdp" "create.solve_sdp" "diag" "create.gaussian" "knockoffs" "knockoff.filter" 
".External2" "write.table" "sedumi2sdpa" "Rdsdp::dsdp" "create.solve_sdp" "diag" "create.gaussian" "knockoffs" "knockoff.filter" 
".External2" "write.table" "sedumi2sdpa" "Rdsdp::dsdp" "create.solve_sdp" "diag" "create.gaussian" "knockoffs" "knockoff.filter" 
".External2" "write.table" "sedumi2sdpa" "Rdsdp::dsdp" "create.solve_sdp" "diag" "create.gaussian" "knockoffs" "knockoff.filter" 
".External2" "write.table" "sedumi2sdpa" "Rdsdp::dsdp" "create.solve_sdp" "diag" "create.gaussian" "knockoffs" "knockoff.filter" 
".External2" "write.table" "sedumi2sdpa" "Rdsdp::dsdp" "create.solve_sdp" "diag" "create.gaussian" "knockoffs" "knockoff.filter" 
".External2" "write.table" "sedumi2sdpa" "Rdsdp::dsdp" "create.solve_sdp" "diag" "create.gaussian" "knockoffs" "knockoff.filter" 
".External2" "write.table" "sedumi2sdpa" "Rdsdp::dsdp" "create.solve_sdp" "diag" "create.gaussian" "knockoffs" "knockoff.filter" 
".External2" "write.table" "sedumi2sdpa" "Rdsdp::dsdp" "create.solve_sdp" "diag" "create.gaussian" "knockoffs" "knockoff.filter" 
".External2" "write.table" "sedumi2sdpa" "Rdsdp::dsdp" "create.solve_sdp" "diag" "create.gaussian" "knockoffs" "knockoff.filter" 
".External2" "write.table" "sedumi2sdpa" "Rdsdp::dsdp" "create.solve_sdp" "diag" "create.gaussian" "knockoffs" "knockoff.filter" 
".External2" "write.table" "sedumi2sdpa" "Rdsdp::dsdp" "create.solve_sdp" "diag" "create.gaussian" "knockoffs" "knockoff.filter" 
".External2" "write.table" "sedumi2sdpa" "Rdsdp::dsdp" "create.solve_sdp" "diag" "create.gaussian" "knockoffs" "knockoff.filter" 
".Call" "dsdp.readsdpa" "Rdsdp::dsdp" "create.solve_sdp" "diag" "create.gaussian" "knockoffs" "knockoff.filter" 
".Call" "dsdp.readsdpa" "Rdsdp::dsdp" "create.solve_sdp" "diag" "create.gaussian" "knockoffs" "knockoff.filter" 
".Call" "dsdp.readsdpa" "Rdsdp::dsdp" "create.solve_sdp" "diag" "create.gaussian" "knockoffs" "knockoff.filter" 
".Call" "dsdp.readsdpa" "Rdsdp::dsdp" "create.solve_sdp" "diag" "create.gaussian" "knockoffs" "knockoff.filter" 
".Call" "dsdp.readsdpa" "Rdsdp::dsdp" "create.solve_sdp" "diag" "create.gaussian" "knockoffs" "knockoff.filter" 
".Call" "dsdp.readsdpa" "Rdsdp::dsdp" "create.solve_sdp" "diag" "create.gaussian" "knockoffs" "knockoff.filter" 
".Call" "dsdp.readsdpa" "Rdsdp::dsdp" "create.solve_sdp" "diag" "create.gaussian" "knockoffs" "knockoff.filter" 
".Call" "dsdp.readsdpa" "Rdsdp::dsdp" "create.solve_sdp" "diag" "create.gaussian" "knockoffs" "knockoff.filter" 
".Call" "dsdp.readsdpa" "Rdsdp::dsdp" "create.solve_sdp" "diag" "create.gaussian" "knockoffs" "knockoff.filter" 
".Call" "dsdp.readsdpa" "Rdsdp::dsdp" "create.solve_sdp" "diag" "create.gaussian" "knockoffs" "knockoff.filter" 
".Call" "dsdp.readsdpa" "Rdsdp::dsdp" "create.solve_sdp" "diag" "create.gaussian" "knockoffs" "knockoff.filter" 
".Call" "dsdp.readsdpa" "Rdsdp::dsdp" "create.solve_sdp" "diag" "create.gaussian" "knockoffs" "knockoff.filter" 
".Call" "dsdp.readsdpa" "Rdsdp::dsdp" "create.solve_sdp" "diag" "create.gaussian" "knockoffs" "knockoff.filter" 
".Call" "dsdp.readsdpa" "Rdsdp::dsdp" "create.solve_sdp" "diag" "create.gaussian" "knockoffs" "knockoff.filter" 
".Call" "dsdp.readsdpa" "Rdsdp::dsdp" "create.solve_sdp" "diag" "create.gaussian" "knockoffs" "knockoff.filter" 
".Call" "dsdp.readsdpa" "Rdsdp::dsdp" "create.solve_sdp" "diag" "create.gaussian" "knockoffs" "knockoff.filter" 
".Call" "dsdp.readsdpa" "Rdsdp::dsdp" "create.solve_sdp" "diag" "create.gaussian" "knockoffs" "knockoff.filter" 
".Call" "dsdp.readsdpa" "Rdsdp::dsdp" "create.solve_sdp" "diag" "create.gaussian" "knockoffs" "knockoff.filter" 
".Call" "dsdp.readsdpa" "Rdsdp::dsdp" "create.solve_sdp" "diag" "create.gaussian" "knockoffs" "knockoff.filter" 
".Call" "dsdp.readsdpa" "Rdsdp::dsdp" "create.solve_sdp" "diag" "create.gaussian" "knockoffs" "knockoff.filter" 
".Call" "dsdp.readsdpa" "Rdsdp::dsdp" "create.solve_sdp" "diag" "create.gaussian" "knockoffs" "knockoff.filter" 
".Call" "dsdp.readsdpa" "Rdsdp::dsdp" "create.solve_sdp" "diag" "create.gaussian" "knockoffs" "knockoff.filter" 
".Call" "dsdp.readsdpa" "Rdsdp::dsdp" "create.solve_sdp" "diag" "create.gaussian" "knockoffs" "knockoff.filter" 
".Call" "dsdp.readsdpa" "Rdsdp::dsdp" "create.solve_sdp" "diag" "create.gaussian" "knockoffs" "knockoff.filter" 
".Call" "dsdp.readsdpa" "Rdsdp::dsdp" "create.solve_sdp" "diag" "create.gaussian" "knockoffs" "knockoff.filter" 
".Call" "dsdp.readsdpa" "Rdsdp::dsdp" "create.solve_sdp" "diag" "create.gaussian" "knockoffs" "knockoff.filter" 
".Call" "dsdp.readsdpa" "Rdsdp::dsdp" "create.solve_sdp" "diag" "create.gaussian" "knockoffs" "knockoff.filter" 
".Call" "dsdp.readsdpa" "Rdsdp::dsdp" "create.solve_sdp" "diag" "create.gaussian" "knockoffs" "knockoff.filter" 
".Call" "dsdp.readsdpa" "Rdsdp::dsdp" "create.solve_sdp" "diag" "create.gaussian" "knockoffs" "knockoff.filter" 
".Call" "dsdp.readsdpa" "Rdsdp::dsdp" "create.solve_sdp" "diag" "create.gaussian" "knockoffs" "knockoff.filter" 
".Call" "dsdp.readsdpa" "Rdsdp::dsdp" "create.solve_sdp" "diag" "create.gaussian" "knockoffs" "knockoff.filter" 
".Call" "dsdp.readsdpa" "Rdsdp::dsdp" "create.solve_sdp" "diag" "create.gaussian" "knockoffs" "knockoff.filter" 
".Call" "dsdp.readsdpa" "Rdsdp::dsdp" "create.solve_sdp" "diag" "create.gaussian" "knockoffs" "knockoff.filter" 
".Call" "dsdp.readsdpa" "Rdsdp::dsdp" "create.solve_sdp" "diag" "create.gaussian" "knockoffs" "knockoff.filter" 
".Call" "dsdp.readsdpa" "Rdsdp::dsdp" "create.solve_sdp" "diag" "create.gaussian" "knockoffs" "knockoff.filter" 
".Call" "dsdp.readsdpa" "Rdsdp::dsdp" "create.solve_sdp" "diag" "create.gaussian" "knockoffs" "knockoff.filter" 
".Call" "dsdp.readsdpa" "Rdsdp::dsdp" "create.solve_sdp" "diag" "create.gaussian" "knockoffs" "knockoff.filter" 
".Call" "dsdp.readsdpa" "Rdsdp::dsdp" "create.solve_sdp" "diag" "create.gaussian" "knockoffs" "knockoff.filter" 
".Call" "dsdp.readsdpa" "Rdsdp::dsdp" "create.solve_sdp" "diag" "create.gaussian" "knockoffs" "knockoff.filter" 
".Call" "dsdp.readsdpa" "Rdsdp::dsdp" "create.solve_sdp" "diag" "create.gaussian" "knockoffs" "knockoff.filter" 
".Call" "dsdp.readsdpa" "Rdsdp::dsdp" "create.solve_sdp" "diag" "create.gaussian" "knockoffs" "knockoff.filter" 
".Call" "dsdp.readsdpa" "Rdsdp::dsdp" "create.solve_sdp" "diag" "create.gaussian" "knockoffs" "knockoff.filter" 
".Call" "dsdp.readsdpa" "Rdsdp::dsdp" "create.solve_sdp" "diag" "create.gaussian" "knockoffs" "knockoff.filter" 
".Call" "dsdp.readsdpa" "Rdsdp::dsdp" "create.solve_sdp" "diag" "create.gaussian" "knockoffs" "knockoff.filter" 
".Call" "dsdp.readsdpa" "Rdsdp::dsdp" "create.solve_sdp" "diag" "create.gaussian" "knockoffs" "knockoff.filter" 
".Call" "dsdp.readsdpa" "Rdsdp::dsdp" "create.solve_sdp" "diag" "create.gaussian" "knockoffs" "knockoff.filter" 
".Call" "dsdp.readsdpa" "Rdsdp::dsdp" "create.solve_sdp" "diag" "create.gaussian" "knockoffs" "knockoff.filter" 
".Call" "dsdp.readsdpa" "Rdsdp::dsdp" "create.solve_sdp" "diag" "create.gaussian" "knockoffs" "knockoff.filter" 
".Call" "dsdp.readsdpa" "Rdsdp::dsdp" "create.solve_sdp" "diag" "create.gaussian" "knockoffs" "knockoff.filter" 
".Call" "dsdp.readsdpa" "Rdsdp::dsdp" "create.solve_sdp" "diag" "create.gaussian" "knockoffs" "knockoff.filter" 
".Call" "dsdp.readsdpa" "Rdsdp::dsdp" "create.solve_sdp" "diag" "create.gaussian" "knockoffs" "knockoff.filter" 
".Call" "dsdp.readsdpa" "Rdsdp::dsdp" "create.solve_sdp" "diag" "create.gaussian" "knockoffs" "knockoff.filter" 
".Call" "dsdp.readsdpa" "Rdsdp::dsdp" "create.solve_sdp" "diag" "create.gaussian" "knockoffs" "knockoff.filter" 
".Call" "dsdp.readsdpa" "Rdsdp::dsdp" "create.solve_sdp" "diag" "create.gaussian" "knockoffs" "knockoff.filter" 
".Call" "dsdp.readsdpa" "Rdsdp::dsdp" "create.solve_sdp" "diag" "create.gaussian" "knockoffs" "knockoff.filter" 
".Call" "dsdp.readsdpa" "Rdsdp::dsdp" "create.solve_sdp" "diag" "create.gaussian" "knockoffs" "knockoff.filter" 
".Call" "dsdp.readsdpa" "Rdsdp::dsdp" "create.solve_sdp" "diag" "create.gaussian" "knockoffs" "knockoff.filter" 
".Call" "dsdp.readsdpa" "Rdsdp::dsdp" "create.solve_sdp" "diag" "create.gaussian" "knockoffs" "knockoff.filter" 
".Call" "dsdp.readsdpa" "Rdsdp::dsdp" "create.solve_sdp" "diag" "create.gaussian" "knockoffs" "knockoff.filter" 
".Call" "dsdp.readsdpa" "Rdsdp::dsdp" "create.solve_sdp" "diag" "create.gaussian" "knockoffs" "knockoff.filter" 
".Call" "dsdp.readsdpa" "Rdsdp::dsdp" "create.solve_sdp" "diag" "create.gaussian" "knockoffs" "knockoff.filter" 
".Call" "dsdp.readsdpa" "Rdsdp::dsdp" "create.solve_sdp" "diag" "create.gaussian" "knockoffs" "knockoff.filter" 
".Call" "dsdp.readsdpa" "Rdsdp::dsdp" "create.solve_sdp" "diag" "create.gaussian" "knockoffs" "knockoff.filter" 
".Call" "dsdp.readsdpa" "Rdsdp::dsdp" "create.solve_sdp" "diag" "create.gaussian" "knockoffs" "knockoff.filter" 
".Call" "dsdp.readsdpa" "Rdsdp::dsdp" "create.solve_sdp" "diag" "create.gaussian" "knockoffs" "knockoff.filter" 
".Call" "dsdp.readsdpa" "Rdsdp::dsdp" "create.solve_sdp" "diag" "create.gaussian" "knockoffs" "knockoff.filter" 
".Call" "dsdp.readsdpa" "Rdsdp::dsdp" "create.solve_sdp" "diag" "create.gaussian" "knockoffs" "knockoff.filter" 
".Call" "dsdp.readsdpa" "Rdsdp::dsdp" "create.solve_sdp" "diag" "create.gaussian" "knockoffs" "knockoff.filter" 
".Call" "dsdp.readsdpa" "Rdsdp::dsdp" "create.solve_sdp" "diag" "create.gaussian" "knockoffs" "knockoff.filter" 
".Call" "dsdp.readsdpa" "Rdsdp::dsdp" "create.solve_sdp" "diag" "create.gaussian" "knockoffs" "knockoff.filter" 
".Call" "dsdp.readsdpa" "Rdsdp::dsdp" "create.solve_sdp" "diag" "create.gaussian" "knockoffs" "knockoff.filter" 
".Call" "dsdp.readsdpa" "Rdsdp::dsdp" "create.solve_sdp" "diag" "create.gaussian" "knockoffs" "knockoff.filter" 
".Call" "dsdp.readsdpa" "Rdsdp::dsdp" "create.solve_sdp" "diag" "create.gaussian" "knockoffs" "knockoff.filter" 
".Call" "dsdp.readsdpa" "Rdsdp::dsdp" "create.solve_sdp" "diag" "create.gaussian" "knockoffs" "knockoff.filter" 
".Call" "dsdp.readsdpa" "Rdsdp::dsdp" "create.solve_sdp" "diag" "create.gaussian" "knockoffs" "knockoff.filter" 
".Call" "dsdp.readsdpa" "Rdsdp::dsdp" "create.solve_sdp" "diag" "create.gaussian" "knockoffs" "knockoff.filter" 
".Call" "dsdp.readsdpa" "Rdsdp::dsdp" "create.solve_sdp" "diag" "create.gaussian" "knockoffs" "knockoff.filter" 
".Call" "dsdp.readsdpa" "Rdsdp::dsdp" "create.solve_sdp" "diag" "create.gaussian" "knockoffs" "knockoff.filter" 
".Call" "dsdp.readsdpa" "Rdsdp::dsdp" "create.solve_sdp" "diag" "create.gaussian" "knockoffs" "knockoff.filter" 
".Call" "dsdp.readsdpa" "Rdsdp::dsdp" "create.solve_sdp" "diag" "create.gaussian" "knockoffs" "knockoff.filter" 
".Call" "dsdp.readsdpa" "Rdsdp::dsdp" "create.solve_sdp" "diag" "create.gaussian" "knockoffs" "knockoff.filter" 
".Call" "dsdp.readsdpa" "Rdsdp::dsdp" "create.solve_sdp" "diag" "create.gaussian" "knockoffs" "knockoff.filter" 
".Call" "dsdp.readsdpa" "Rdsdp::dsdp" "create.solve_sdp" "diag" "create.gaussian" "knockoffs" "knockoff.filter" 
".Call" "dsdp.readsdpa" "Rdsdp::dsdp" "create.solve_sdp" "diag" "create.gaussian" "knockoffs" "knockoff.filter" 
".Call" "dsdp.readsdpa" "Rdsdp::dsdp" "create.solve_sdp" "diag" "create.gaussian" "knockoffs" "knockoff.filter" 
".Call" "dsdp.readsdpa" "Rdsdp::dsdp" "create.solve_sdp" "diag" "create.gaussian" "knockoffs" "knockoff.filter" 
".Call" "dsdp.readsdpa" "Rdsdp::dsdp" "create.solve_sdp" "diag" "create.gaussian" "knockoffs" "knockoff.filter" 
".Call" "dsdp.readsdpa" "Rdsdp::dsdp" "create.solve_sdp" "diag" "create.gaussian" "knockoffs" "knockoff.filter" 
".Call" "dsdp.readsdpa" "Rdsdp::dsdp" "create.solve_sdp" "diag" "create.gaussian" "knockoffs" "knockoff.filter" 
".Call" "dsdp.readsdpa" "Rdsdp::dsdp" "create.solve_sdp" "diag" "create.gaussian" "knockoffs" "knockoff.filter" 
".Call" "dsdp.readsdpa" "Rdsdp::dsdp" "create.solve_sdp" "diag" "create.gaussian" "knockoffs" "knockoff.filter" 
".Call" "dsdp.readsdpa" "Rdsdp::dsdp" "create.solve_sdp" "diag" "create.gaussian" "knockoffs" "knockoff.filter" 
".Call" "dsdp.readsdpa" "Rdsdp::dsdp" "create.solve_sdp" "diag" "create.gaussian" "knockoffs" "knockoff.filter" 
".Call" "dsdp.readsdpa" "Rdsdp::dsdp" "create.solve_sdp" "diag" "create.gaussian" "knockoffs" "knockoff.filter" 
".Call" "dsdp.readsdpa" "Rdsdp::dsdp" "create.solve_sdp" "diag" "create.gaussian" "knockoffs" "knockoff.filter" 
".Call" "dsdp.readsdpa" "Rdsdp::dsdp" "create.solve_sdp" "diag" "create.gaussian" "knockoffs" "knockoff.filter" 
".Call" "dsdp.readsdpa" "Rdsdp::dsdp" "create.solve_sdp" "diag" "create.gaussian" "knockoffs" "knockoff.filter" 
".Call" "dsdp.readsdpa" "Rdsdp::dsdp" "create.solve_sdp" "diag" "create.gaussian" "knockoffs" "knockoff.filter" 
".Call" "dsdp.readsdpa" "Rdsdp::dsdp" "create.solve_sdp" "diag" "create.gaussian" "knockoffs" "knockoff.filter" 
".Call" "dsdp.readsdpa" "Rdsdp::dsdp" "create.solve_sdp" "diag" "create.gaussian" "knockoffs" "knockoff.filter" 
".Call" "dsdp.readsdpa" "Rdsdp::dsdp" "create.solve_sdp" "diag" "create.gaussian" "knockoffs" "knockoff.filter" 
".Call" "dsdp.readsdpa" "Rdsdp::dsdp" "create.solve_sdp" "diag" "create.gaussian" "knockoffs" "knockoff.filter" 
".Call" "dsdp.readsdpa" "Rdsdp::dsdp" "create.solve_sdp" "diag" "create.gaussian" "knockoffs" "knockoff.filter" 
".Call" "dsdp.readsdpa" "Rdsdp::dsdp" "create.solve_sdp" "diag" "create.gaussian" "knockoffs" "knockoff.filter" 
".Call" "dsdp.readsdpa" "Rdsdp::dsdp" "create.solve_sdp" "diag" "create.gaussian" "knockoffs" "knockoff.filter" 
".Call" "dsdp.readsdpa" "Rdsdp::dsdp" "create.solve_sdp" "diag" "create.gaussian" "knockoffs" "knockoff.filter" 
".Call" "dsdp.readsdpa" "Rdsdp::dsdp" "create.solve_sdp" "diag" "create.gaussian" "knockoffs" "knockoff.filter" 
".Call" "dsdp.readsdpa" "Rdsdp::dsdp" "create.solve_sdp" "diag" "create.gaussian" "knockoffs" "knockoff.filter" 
".Call" "dsdp.readsdpa" "Rdsdp::dsdp" "create.solve_sdp" "diag" "create.gaussian" "knockoffs" "knockoff.filter" 
".Call" "dsdp.readsdpa" "Rdsdp::dsdp" "create.solve_sdp" "diag" "create.gaussian" "knockoffs" "knockoff.filter" 
".Call" "dsdp.readsdpa" "Rdsdp::dsdp" "create.solve_sdp" "diag" "create.gaussian" "knockoffs" "knockoff.filter" 
".Call" "dsdp.readsdpa" "Rdsdp::dsdp" "create.solve_sdp" "diag" "create.gaussian" "knockoffs" "knockoff.filter" 
".Call" "dsdp.readsdpa" "Rdsdp::dsdp" "create.solve_sdp" "diag" "create.gaussian" "knockoffs" "knockoff.filter" 
".Call" "dsdp.readsdpa" "Rdsdp::dsdp" "create.solve_sdp" "diag" "create.gaussian" "knockoffs" "knockoff.filter" 
".Call" "dsdp.readsdpa" "Rdsdp::dsdp" "create.solve_sdp" "diag" "create.gaussian" "knockoffs" "knockoff.filter" 
".Call" "dsdp.readsdpa" "Rdsdp::dsdp" "create.solve_sdp" "diag" "create.gaussian" "knockoffs" "knockoff.filter" 
".Call" "dsdp.readsdpa" "Rdsdp::dsdp" "create.solve_sdp" "diag" "create.gaussian" "knockoffs" "knockoff.filter" 
".Call" "dsdp.readsdpa" "Rdsdp::dsdp" "create.solve_sdp" "diag" "create.gaussian" "knockoffs" "knockoff.filter" 
".Call" "dsdp.readsdpa" "Rdsdp::dsdp" "create.solve_sdp" "diag" "create.gaussian" "knockoffs" "knockoff.filter" 
".Call" "dsdp.readsdpa" "Rdsdp::dsdp" "create.solve_sdp" "diag" "create.gaussian" "knockoffs" "knockoff.filter" 
".Call" "dsdp.readsdpa" "Rdsdp::dsdp" "create.solve_sdp" "diag" "create.gaussian" "knockoffs" "knockoff.filter" 
".Call" "dsdp.readsdpa" "Rdsdp::dsdp" "create.solve_sdp" "diag" "create.gaussian" "knockoffs" "knockoff.filter" 
".Call" "dsdp.readsdpa" "Rdsdp::dsdp" "create.solve_sdp" "diag" "create.gaussian" "knockoffs" "knockoff.filter" 
".Call" "dsdp.readsdpa" "Rdsdp::dsdp" "create.solve_sdp" "diag" "create.gaussian" "knockoffs" "knockoff.filter" 
".Call" "dsdp.readsdpa" "Rdsdp::dsdp" "create.solve_sdp" "diag" "create.gaussian" "knockoffs" "knockoff.filter" 
".Call" "dsdp.readsdpa" "Rdsdp::dsdp" "create.solve_sdp" "diag" "create.gaussian" "knockoffs" "knockoff.filter" 
".Call" "dsdp.readsdpa" "Rdsdp::dsdp" "create.solve_sdp" "diag" "create.gaussian" "knockoffs" "knockoff.filter" 
".Call" "dsdp.readsdpa" "Rdsdp::dsdp" "create.solve_sdp" "diag" "create.gaussian" "knockoffs" "knockoff.filter" 
".Call" "dsdp.readsdpa" "Rdsdp::dsdp" "create.solve_sdp" "diag" "create.gaussian" "knockoffs" "knockoff.filter" 
".Call" "dsdp.readsdpa" "Rdsdp::dsdp" "create.solve_sdp" "diag" "create.gaussian" "knockoffs" "knockoff.filter" 
".Call" "dsdp.readsdpa" "Rdsdp::dsdp" "create.solve_sdp" "diag" "create.gaussian" "knockoffs" "knockoff.filter" 
".Call" "dsdp.readsdpa" "Rdsdp::dsdp" "create.solve_sdp" "diag" "create.gaussian" "knockoffs" "knockoff.filter" 
".Call" "dsdp.readsdpa" "Rdsdp::dsdp" "create.solve_sdp" "diag" "create.gaussian" "knockoffs" "knockoff.filter" 
".Call" "dsdp.readsdpa" "Rdsdp::dsdp" "create.solve_sdp" "diag" "create.gaussian" "knockoffs" "knockoff.filter" 
".Call" "dsdp.readsdpa" "Rdsdp::dsdp" "create.solve_sdp" "diag" "create.gaussian" "knockoffs" "knockoff.filter" 
".Call" "dsdp.readsdpa" "Rdsdp::dsdp" "create.solve_sdp" "diag" "create.gaussian" "knockoffs" "knockoff.filter" 
".Call" "dsdp.readsdpa" "Rdsdp::dsdp" "create.solve_sdp" "diag" "create.gaussian" "knockoffs" "knockoff.filter" 
".Call" "dsdp.readsdpa" "Rdsdp::dsdp" "create.solve_sdp" "diag" "create.gaussian" "knockoffs" "knockoff.filter" 
".Call" "dsdp.readsdpa" "Rdsdp::dsdp" "create.solve_sdp" "diag" "create.gaussian" "knockoffs" "knockoff.filter" 
".Call" "dsdp.readsdpa" "Rdsdp::dsdp" "create.solve_sdp" "diag" "create.gaussian" "knockoffs" "knockoff.filter" 
".Call" "dsdp.readsdpa" "Rdsdp::dsdp" "create.solve_sdp" "diag" "create.gaussian" "knockoffs" "knockoff.filter" 
".Call" "dsdp.readsdpa" "Rdsdp::dsdp" "create.solve_sdp" "diag" "create.gaussian" "knockoffs" "knockoff.filter" 
".Call" "dsdp.readsdpa" "Rdsdp::dsdp" "create.solve_sdp" "diag" "create.gaussian" "knockoffs" "knockoff.filter" 
".Call" "dsdp.readsdpa" "Rdsdp::dsdp" "create.solve_sdp" "diag" "create.gaussian" "knockoffs" "knockoff.filter" 
".Call" "dsdp.readsdpa" "Rdsdp::dsdp" "create.solve_sdp" "diag" "create.gaussian" "knockoffs" "knockoff.filter" 
".Call" "dsdp.readsdpa" "Rdsdp::dsdp" "create.solve_sdp" "diag" "create.gaussian" "knockoffs" "knockoff.filter" 
".Call" "dsdp.readsdpa" "Rdsdp::dsdp" "create.solve_sdp" "diag" "create.gaussian" "knockoffs" "knockoff.filter" 
".Call" "dsdp.readsdpa" "Rdsdp::dsdp" "create.solve_sdp" "diag" "create.gaussian" "knockoffs" "knockoff.filter" 
".Call" "dsdp.readsdpa" "Rdsdp::dsdp" "create.solve_sdp" "diag" "create.gaussian" "knockoffs" "knockoff.filter" 
".Call" "dsdp.readsdpa" "Rdsdp::dsdp" "create.solve_sdp" "diag" "create.gaussian" "knockoffs" "knockoff.filter" 
".Call" "dsdp.readsdpa" "Rdsdp::dsdp" "create.solve_sdp" "diag" "create.gaussian" "knockoffs" "knockoff.filter" 
".Call" "dsdp.readsdpa" "Rdsdp::dsdp" "create.solve_sdp" "diag" "create.gaussian" "knockoffs" "knockoff.filter" 
".Call" "dsdp.readsdpa" "Rdsdp::dsdp" "create.solve_sdp" "diag" "create.gaussian" "knockoffs" "knockoff.filter" 
".Call" "dsdp.readsdpa" "Rdsdp::dsdp" "create.solve_sdp" "diag" "create.gaussian" "knockoffs" "knockoff.filter" 
".Call" "dsdp.readsdpa" "Rdsdp::dsdp" "create.solve_sdp" "diag" "create.gaussian" "knockoffs" "knockoff.filter" 
".Call" "dsdp.readsdpa" "Rdsdp::dsdp" "create.solve_sdp" "diag" "create.gaussian" "knockoffs" "knockoff.filter" 
".Call" "dsdp.readsdpa" "Rdsdp::dsdp" "create.solve_sdp" "diag" "create.gaussian" "knockoffs" "knockoff.filter" 
".Call" "dsdp.readsdpa" "Rdsdp::dsdp" "create.solve_sdp" "diag" "create.gaussian" "knockoffs" "knockoff.filter" 
".Call" "dsdp.readsdpa" "Rdsdp::dsdp" "create.solve_sdp" "diag" "create.gaussian" "knockoffs" "knockoff.filter" 
".Call" "dsdp.readsdpa" "Rdsdp::dsdp" "create.solve_sdp" "diag" "create.gaussian" "knockoffs" "knockoff.filter" 
".Call" "dsdp.readsdpa" "Rdsdp::dsdp" "create.solve_sdp" "diag" "create.gaussian" "knockoffs" "knockoff.filter" 
".Call" "dsdp.readsdpa" "Rdsdp::dsdp" "create.solve_sdp" "diag" "create.gaussian" "knockoffs" "knockoff.filter" 
".Call" "dsdp.readsdpa" "Rdsdp::dsdp" "create.solve_sdp" "diag" "create.gaussian" "knockoffs" "knockoff.filter" 
".Call" "dsdp.readsdpa" "Rdsdp::dsdp" "create.solve_sdp" "diag" "create.gaussian" "knockoffs" "knockoff.filter" 
".Call" "dsdp.readsdpa" "Rdsdp::dsdp" "create.solve_sdp" "diag" "create.gaussian" "knockoffs" "knockoff.filter" 
".Call" "dsdp.readsdpa" "Rdsdp::dsdp" "create.solve_sdp" "diag" "create.gaussian" "knockoffs" "knockoff.filter" 
".Call" "dsdp.readsdpa" "Rdsdp::dsdp" "create.solve_sdp" "diag" "create.gaussian" "knockoffs" "knockoff.filter" 
".Call" "dsdp.readsdpa" "Rdsdp::dsdp" "create.solve_sdp" "diag" "create.gaussian" "knockoffs" "knockoff.filter" 
".Call" "dsdp.readsdpa" "Rdsdp::dsdp" "create.solve_sdp" "diag" "create.gaussian" "knockoffs" "knockoff.filter" 
".Call" "dsdp.readsdpa" "Rdsdp::dsdp" "create.solve_sdp" "diag" "create.gaussian" "knockoffs" "knockoff.filter" 
".Call" "dsdp.readsdpa" "Rdsdp::dsdp" "create.solve_sdp" "diag" "create.gaussian" "knockoffs" "knockoff.filter" 
".Call" "dsdp.readsdpa" "Rdsdp::dsdp" "create.solve_sdp" "diag" "create.gaussian" "knockoffs" "knockoff.filter" 
".Call" "dsdp.readsdpa" "Rdsdp::dsdp" "create.solve_sdp" "diag" "create.gaussian" "knockoffs" "knockoff.filter" 
".Call" "dsdp.readsdpa" "Rdsdp::dsdp" "create.solve_sdp" "diag" "create.gaussian" "knockoffs" "knockoff.filter" 
".Call" "dsdp.readsdpa" "Rdsdp::dsdp" "create.solve_sdp" "diag" "create.gaussian" "knockoffs" "knockoff.filter" 
".Call" "dsdp.readsdpa" "Rdsdp::dsdp" "create.solve_sdp" "diag" "create.gaussian" "knockoffs" "knockoff.filter" 
".Call" "dsdp.readsdpa" "Rdsdp::dsdp" "create.solve_sdp" "diag" "create.gaussian" "knockoffs" "knockoff.filter" 
".Call" "dsdp.readsdpa" "Rdsdp::dsdp" "create.solve_sdp" "diag" "create.gaussian" "knockoffs" "knockoff.filter" 
".Call" "dsdp.readsdpa" "Rdsdp::dsdp" "create.solve_sdp" "diag" "create.gaussian" "knockoffs" "knockoff.filter" 
".Call" "dsdp.readsdpa" "Rdsdp::dsdp" "create.solve_sdp" "diag" "create.gaussian" "knockoffs" "knockoff.filter" 
".Call" "dsdp.readsdpa" "Rdsdp::dsdp" "create.solve_sdp" "diag" "create.gaussian" "knockoffs" "knockoff.filter" 
".Call" "dsdp.readsdpa" "Rdsdp::dsdp" "create.solve_sdp" "diag" "create.gaussian" "knockoffs" "knockoff.filter" 
".Call" "dsdp.readsdpa" "Rdsdp::dsdp" "create.solve_sdp" "diag" "create.gaussian" "knockoffs" "knockoff.filter" 
".Call" "dsdp.readsdpa" "Rdsdp::dsdp" "create.solve_sdp" "diag" "create.gaussian" "knockoffs" "knockoff.filter" 
".Call" "dsdp.readsdpa" "Rdsdp::dsdp" "create.solve_sdp" "diag" "create.gaussian" "knockoffs" "knockoff.filter" 
".Call" "dsdp.readsdpa" "Rdsdp::dsdp" "create.solve_sdp" "diag" "create.gaussian" "knockoffs" "knockoff.filter" 
".Call" "dsdp.readsdpa" "Rdsdp::dsdp" "create.solve_sdp" "diag" "create.gaussian" "knockoffs" "knockoff.filter" 
".Call" "dsdp.readsdpa" "Rdsdp::dsdp" "create.solve_sdp" "diag" "create.gaussian" "knockoffs" "knockoff.filter" 
".Call" "dsdp.readsdpa" "Rdsdp::dsdp" "create.solve_sdp" "diag" "create.gaussian" "knockoffs" "knockoff.filter" 
".Call" "dsdp.readsdpa" "Rdsdp::dsdp" "create.solve_sdp" "diag" "create.gaussian" "knockoffs" "knockoff.filter" 
".Call" "dsdp.readsdpa" "Rdsdp::dsdp" "create.solve_sdp" "diag" "create.gaussian" "knockoffs" "knockoff.filter" 
".Call" "dsdp.readsdpa" "Rdsdp::dsdp" "create.solve_sdp" "diag" "create.gaussian" "knockoffs" "knockoff.filter" 
".Call" "dsdp.readsdpa" "Rdsdp::dsdp" "create.solve_sdp" "diag" "create.gaussian" "knockoffs" "knockoff.filter" 
".Call" "dsdp.readsdpa" "Rdsdp::dsdp" "create.solve_sdp" "diag" "create.gaussian" "knockoffs" "knockoff.filter" 
".Call" "dsdp.readsdpa" "Rdsdp::dsdp" "create.solve_sdp" "diag" "create.gaussian" "knockoffs" "knockoff.filter" 
".Call" "dsdp.readsdpa" "Rdsdp::dsdp" "create.solve_sdp" "diag" "create.gaussian" "knockoffs" "knockoff.filter" 
".Call" "dsdp.readsdpa" "Rdsdp::dsdp" "create.solve_sdp" "diag" "create.gaussian" "knockoffs" "knockoff.filter" 
".Call" "dsdp.readsdpa" "Rdsdp::dsdp" "create.solve_sdp" "diag" "create.gaussian" "knockoffs" "knockoff.filter" 
".Call" "dsdp.readsdpa" "Rdsdp::dsdp" "create.solve_sdp" "diag" "create.gaussian" "knockoffs" "knockoff.filter" 
".Call" "dsdp.readsdpa" "Rdsdp::dsdp" "create.solve_sdp" "diag" "create.gaussian" "knockoffs" "knockoff.filter" 
".Call" "dsdp.readsdpa" "Rdsdp::dsdp" "create.solve_sdp" "diag" "create.gaussian" "knockoffs" "knockoff.filter" 
".Call" "dsdp.readsdpa" "Rdsdp::dsdp" "create.solve_sdp" "diag" "create.gaussian" "knockoffs" "knockoff.filter" 
".Call" "dsdp.readsdpa" "Rdsdp::dsdp" "create.solve_sdp" "diag" "create.gaussian" "knockoffs" "knockoff.filter" 
".Call" "dsdp.readsdpa" "Rdsdp::dsdp" "create.solve_sdp" "diag" "create.gaussian" "knockoffs" "knockoff.filter" 
".Call" "dsdp.readsdpa" "Rdsdp::dsdp" "create.solve_sdp" "diag" "create.gaussian" "knockoffs" "knockoff.filter" 
".Call" "dsdp.readsdpa" "Rdsdp::dsdp" "create.solve_sdp" "diag" "create.gaussian" "knockoffs" "knockoff.filter" 
".Call" "dsdp.readsdpa" "Rdsdp::dsdp" "create.solve_sdp" "diag" "create.gaussian" "knockoffs" "knockoff.filter" 
".Call" "dsdp.readsdpa" "Rdsdp::dsdp" "create.solve_sdp" "diag" "create.gaussian" "knockoffs" "knockoff.filter" 
".Call" "dsdp.readsdpa" "Rdsdp::dsdp" "create.solve_sdp" "diag" "create.gaussian" "knockoffs" "knockoff.filter" 
".Call" "dsdp.readsdpa" "Rdsdp::dsdp" "create.solve_sdp" "diag" "create.gaussian" "knockoffs" "knockoff.filter" 
".Call" "dsdp.readsdpa" "Rdsdp::dsdp" "create.solve_sdp" "diag" "create.gaussian" "knockoffs" "knockoff.filter" 
".Call" "dsdp.readsdpa" "Rdsdp::dsdp" "create.solve_sdp" "diag" "create.gaussian" "knockoffs" "knockoff.filter" 
".Call" "dsdp.readsdpa" "Rdsdp::dsdp" "create.solve_sdp" "diag" "create.gaussian" "knockoffs" "knockoff.filter" 
".Call" "dsdp.readsdpa" "Rdsdp::dsdp" "create.solve_sdp" "diag" "create.gaussian" "knockoffs" "knockoff.filter" 
".Call" "dsdp.readsdpa" "Rdsdp::dsdp" "create.solve_sdp" "diag" "create.gaussian" "knockoffs" "knockoff.filter" 
".Call" "dsdp.readsdpa" "Rdsdp::dsdp" "create.solve_sdp" "diag" "create.gaussian" "knockoffs" "knockoff.filter" 
".Call" "dsdp.readsdpa" "Rdsdp::dsdp" "create.solve_sdp" "diag" "create.gaussian" "knockoffs" "knockoff.filter" 
".Call" "dsdp.readsdpa" "Rdsdp::dsdp" "create.solve_sdp" "diag" "create.gaussian" "knockoffs" "knockoff.filter" 
".Call" "dsdp.readsdpa" "Rdsdp::dsdp" "create.solve_sdp" "diag" "create.gaussian" "knockoffs" "knockoff.filter" 
".Call" "dsdp.readsdpa" "Rdsdp::dsdp" "create.solve_sdp" "diag" "create.gaussian" "knockoffs" "knockoff.filter" 
".Call" "dsdp.readsdpa" "Rdsdp::dsdp" "create.solve_sdp" "diag" "create.gaussian" "knockoffs" "knockoff.filter" 
".Call" "dsdp.readsdpa" "Rdsdp::dsdp" "create.solve_sdp" "diag" "create.gaussian" "knockoffs" "knockoff.filter" 
".Call" "dsdp.readsdpa" "Rdsdp::dsdp" "create.solve_sdp" "diag" "create.gaussian" "knockoffs" "knockoff.filter" 
".Call" "dsdp.readsdpa" "Rdsdp::dsdp" "create.solve_sdp" "diag" "create.gaussian" "knockoffs" "knockoff.filter" 
".Call" "dsdp.readsdpa" "Rdsdp::dsdp" "create.solve_sdp" "diag" "create.gaussian" "knockoffs" "knockoff.filter" 
".Call" "dsdp.readsdpa" "Rdsdp::dsdp" "create.solve_sdp" "diag" "create.gaussian" "knockoffs" "knockoff.filter" 
".Call" "dsdp.readsdpa" "Rdsdp::dsdp" "create.solve_sdp" "diag" "create.gaussian" "knockoffs" "knockoff.filter" 
".Call" "dsdp.readsdpa" "Rdsdp::dsdp" "create.solve_sdp" "diag" "create.gaussian" "knockoffs" "knockoff.filter" 
".Call" "dsdp.readsdpa" "Rdsdp::dsdp" "create.solve_sdp" "diag" "create.gaussian" "knockoffs" "knockoff.filter" 
".Call" "dsdp.readsdpa" "Rdsdp::dsdp" "create.solve_sdp" "diag" "create.gaussian" "knockoffs" "knockoff.filter" 
".Call" "dsdp.readsdpa" "Rdsdp::dsdp" "create.solve_sdp" "diag" "create.gaussian" "knockoffs" "knockoff.filter" 
".Call" "dsdp.readsdpa" "Rdsdp::dsdp" "create.solve_sdp" "diag" "create.gaussian" "knockoffs" "knockoff.filter" 
".Call" "dsdp.readsdpa" "Rdsdp::dsdp" "create.solve_sdp" "diag" "create.gaussian" "knockoffs" "knockoff.filter" 
".Call" "dsdp.readsdpa" "Rdsdp::dsdp" "create.solve_sdp" "diag" "create.gaussian" "knockoffs" "knockoff.filter" 
".Call" "dsdp.readsdpa" "Rdsdp::dsdp" "create.solve_sdp" "diag" "create.gaussian" "knockoffs" "knockoff.filter" 
".Call" "dsdp.readsdpa" "Rdsdp::dsdp" "create.solve_sdp" "diag" "create.gaussian" "knockoffs" "knockoff.filter" 
".Call" "dsdp.readsdpa" "Rdsdp::dsdp" "create.solve_sdp" "diag" "create.gaussian" "knockoffs" "knockoff.filter" 
".Call" "dsdp.readsdpa" "Rdsdp::dsdp" "create.solve_sdp" "diag" "create.gaussian" "knockoffs" "knockoff.filter" 
".Call" "dsdp.readsdpa" "Rdsdp::dsdp" "create.solve_sdp" "diag" "create.gaussian" "knockoffs" "knockoff.filter" 
".Call" "dsdp.readsdpa" "Rdsdp::dsdp" "create.solve_sdp" "diag" "create.gaussian" "knockoffs" "knockoff.filter" 
".Call" "dsdp.readsdpa" "Rdsdp::dsdp" "create.solve_sdp" "diag" "create.gaussian" "knockoffs" "knockoff.filter" 
".Call" "dsdp.readsdpa" "Rdsdp::dsdp" "create.solve_sdp" "diag" "create.gaussian" "knockoffs" "knockoff.filter" 
".Call" "dsdp.readsdpa" "Rdsdp::dsdp" "create.solve_sdp" "diag" "create.gaussian" "knockoffs" "knockoff.filter" 
".Call" "dsdp.readsdpa" "Rdsdp::dsdp" "create.solve_sdp" "diag" "create.gaussian" "knockoffs" "knockoff.filter" 
".Call" "dsdp.readsdpa" "Rdsdp::dsdp" "create.solve_sdp" "diag" "create.gaussian" "knockoffs" "knockoff.filter" 
".Call" "dsdp.readsdpa" "Rdsdp::dsdp" "create.solve_sdp" "diag" "create.gaussian" "knockoffs" "knockoff.filter" 
".Call" "dsdp.readsdpa" "Rdsdp::dsdp" "create.solve_sdp" "diag" "create.gaussian" "knockoffs" "knockoff.filter" 
".Call" "dsdp.readsdpa" "Rdsdp::dsdp" "create.solve_sdp" "diag" "create.gaussian" "knockoffs" "knockoff.filter" 
".Call" "dsdp.readsdpa" "Rdsdp::dsdp" "create.solve_sdp" "diag" "create.gaussian" "knockoffs" "knockoff.filter" 
".Call" "dsdp.readsdpa" "Rdsdp::dsdp" "create.solve_sdp" "diag" "create.gaussian" "knockoffs" "knockoff.filter" 
".Call" "dsdp.readsdpa" "Rdsdp::dsdp" "create.solve_sdp" "diag" "create.gaussian" "knockoffs" "knockoff.filter" 
".Call" "dsdp.readsdpa" "Rdsdp::dsdp" "create.solve_sdp" "diag" "create.gaussian" "knockoffs" "knockoff.filter" 
".Call" "dsdp.readsdpa" "Rdsdp::dsdp" "create.solve_sdp" "diag" "create.gaussian" "knockoffs" "knockoff.filter" 
".Call" "dsdp.readsdpa" "Rdsdp::dsdp" "create.solve_sdp" "diag" "create.gaussian" "knockoffs" "knockoff.filter" 
".Call" "dsdp.readsdpa" "Rdsdp::dsdp" "create.solve_sdp" "diag" "create.gaussian" "knockoffs" "knockoff.filter" 
".Call" "dsdp.readsdpa" "Rdsdp::dsdp" "create.solve_sdp" "diag" "create.gaussian" "knockoffs" "knockoff.filter" 
".Call" "dsdp.readsdpa" "Rdsdp::dsdp" "create.solve_sdp" "diag" "create.gaussian" "knockoffs" "knockoff.filter" 
".Call" "dsdp.readsdpa" "Rdsdp::dsdp" "create.solve_sdp" "diag" "create.gaussian" "knockoffs" "knockoff.filter" 
".Call" "dsdp.readsdpa" "Rdsdp::dsdp" "create.solve_sdp" "diag" "create.gaussian" "knockoffs" "knockoff.filter" 
".Call" "dsdp.readsdpa" "Rdsdp::dsdp" "create.solve_sdp" "diag" "create.gaussian" "knockoffs" "knockoff.filter" 
".Call" "dsdp.readsdpa" "Rdsdp::dsdp" "create.solve_sdp" "diag" "create.gaussian" "knockoffs" "knockoff.filter" 
".Call" "dsdp.readsdpa" "Rdsdp::dsdp" "create.solve_sdp" "diag" "create.gaussian" "knockoffs" "knockoff.filter" 
".Call" "dsdp.readsdpa" "Rdsdp::dsdp" "create.solve_sdp" "diag" "create.gaussian" "knockoffs" "knockoff.filter" 
".Call" "dsdp.readsdpa" "Rdsdp::dsdp" "create.solve_sdp" "diag" "create.gaussian" "knockoffs" "knockoff.filter" 
".Call" "dsdp.readsdpa" "Rdsdp::dsdp" "create.solve_sdp" "diag" "create.gaussian" "knockoffs" "knockoff.filter" 
".Call" "dsdp.readsdpa" "Rdsdp::dsdp" "create.solve_sdp" "diag" "create.gaussian" "knockoffs" "knockoff.filter" 
".Call" "dsdp.readsdpa" "Rdsdp::dsdp" "create.solve_sdp" "diag" "create.gaussian" "knockoffs" "knockoff.filter" 
".Call" "dsdp.readsdpa" "Rdsdp::dsdp" "create.solve_sdp" "diag" "create.gaussian" "knockoffs" "knockoff.filter" 
".Call" "dsdp.readsdpa" "Rdsdp::dsdp" "create.solve_sdp" "diag" "create.gaussian" "knockoffs" "knockoff.filter" 
".Call" "dsdp.readsdpa" "Rdsdp::dsdp" "create.solve_sdp" "diag" "create.gaussian" "knockoffs" "knockoff.filter" 
".Call" "dsdp.readsdpa" "Rdsdp::dsdp" "create.solve_sdp" "diag" "create.gaussian" "knockoffs" "knockoff.filter" 
".Call" "dsdp.readsdpa" "Rdsdp::dsdp" "create.solve_sdp" "diag" "create.gaussian" "knockoffs" "knockoff.filter" 
".Call" "dsdp.readsdpa" "Rdsdp::dsdp" "create.solve_sdp" "diag" "create.gaussian" "knockoffs" "knockoff.filter" 
".Call" "dsdp.readsdpa" "Rdsdp::dsdp" "create.solve_sdp" "diag" "create.gaussian" "knockoffs" "knockoff.filter" 
"t.default" "t" "mode" "attr.all.equal" "all.equal.numeric" "all.equal" "isSymmetric.matrix" "isSymmetric" "standardGeneric" "isSymmetric" "eigs.matrix" "RSpectra::eigs" "is_posdef" "create.solve_sdp" "diag" "create.gaussian" "knockoffs" "knockoff.filter" 
"mean" "all.equal.numeric" "all.equal" "isSymmetric.matrix" "isSymmetric" "standardGeneric" "isSymmetric" "eigs.matrix" "RSpectra::eigs" "is_posdef" "create.solve_sdp" "diag" "create.gaussian" "knockoffs" "knockoff.filter" 
"<Anonymous>" "do.call" "eigs_real_sym" "eigs.matrix" "RSpectra::eigs" "is_posdef" "create.solve_sdp" "diag" "create.gaussian" "knockoffs" "knockoff.filter" 
"<Anonymous>" "do.call" "eigs_real_sym" "eigs.matrix" "RSpectra::eigs" "is_posdef" "create.solve_sdp" "diag" "create.gaussian" "knockoffs" "knockoff.filter" 
"<Anonymous>" "do.call" "eigs_real_sym" "eigs.matrix" "RSpectra::eigs" "is_posdef" "create.solve_sdp" "diag" "create.gaussian" "knockoffs" "knockoff.filter" 
"<Anonymous>" "do.call" "eigs_real_sym" "eigs.matrix" "RSpectra::eigs" "is_posdef" "create.solve_sdp" "diag" "create.gaussian" "knockoffs" "knockoff.filter" 
"<Anonymous>" "do.call" "eigs_real_sym" "eigs.matrix" "RSpectra::eigs" "is_posdef" "create.solve_sdp" "diag" "create.gaussian" "knockoffs" "knockoff.filter" 
"<Anonymous>" "do.call" "eigs_real_sym" "eigs.matrix" "RSpectra::eigs" "is_posdef" "create.solve_sdp" "diag" "create.gaussian" "knockoffs" "knockoff.filter" 
"<Anonymous>" "do.call" "eigs_real_sym" "eigs.matrix" "RSpectra::eigs" "is_posdef" "create.solve_sdp" "diag" "create.gaussian" "knockoffs" "knockoff.filter" 
"<Anonymous>" "do.call" "eigs_real_sym" "eigs.matrix" "RSpectra::eigs" "is_posdef" "create.solve_sdp" "diag" "create.gaussian" "knockoffs" "knockoff.filter" 
"<Anonymous>" "do.call" "eigs_real_sym" "eigs.matrix" "RSpectra::eigs" "is_posdef" "create.solve_sdp" "diag" "create.gaussian" "knockoffs" "knockoff.filter" 
"<Anonymous>" "do.call" "eigs_real_sym" "eigs.matrix" "RSpectra::eigs" "is_posdef" "create.solve_sdp" "diag" "create.gaussian" "knockoffs" "knockoff.filter" 
"<Anonymous>" "do.call" "eigs_real_sym" "eigs.matrix" "RSpectra::eigs" "is_posdef" "create.solve_sdp" "diag" "create.gaussian" "knockoffs" "knockoff.filter" 
"all.equal.numeric" "all.equal" "isSymmetric.matrix" "eigen" "is_posdef" "create.solve_sdp" "diag" "create.gaussian" "knockoffs" "knockoff.filter" 
"eigen" "is_posdef" "create.solve_sdp" "diag" "create.gaussian" "knockoffs" "knockoff.filter" 
"eigen" "is_posdef" "create.solve_sdp" "diag" "create.gaussian" "knockoffs" "knockoff.filter" 
"eigen" "is_posdef" "create.solve_sdp" "diag" "create.gaussian" "knockoffs" "knockoff.filter" 
"solve.default" "solve" "create.gaussian" "knockoffs" "knockoff.filter" 
"solve.default" "solve" "create.gaussian" "knockoffs" "knockoff.filter" 
"solve.default" "solve" "create.gaussian" "knockoffs" "knockoff.filter" 
"%*%" "create.gaussian" "knockoffs" "knockoff.filter" 
"%*%" "create.gaussian" "knockoffs" "knockoff.filter" 
"chol.default" "chol" "create.gaussian" "knockoffs" "knockoff.filter" 
"lazyLoadDBfetch" ".mergeImportMethods" "namespaceImportFrom" "namespaceImport" "loadNamespace" "doTryCatch" "tryCatchOne" "tryCatchList" "tryCatch" "requireNamespace" "statistic" "knockoff.filter" 
"grepl" ".make_numeric_version" "numeric_version" "as.numeric_version" "Ops.numeric_version" "loadNamespace" "doTryCatch" "tryCatchOne" "tryCatchList" "tryCatch" "requireNamespace" "statistic" "knockoff.filter" 
".Fortran" "elnet" "glmnet" "glmnet::cv.glmnet" "cv_coeffs_glmnet" "statistic" "knockoff.filter" 
".Fortran" "elnet" "glmnet" "glmnet::cv.glmnet" "cv_coeffs_glmnet" "statistic" "knockoff.filter" 
".Fortran" "elnet" "glmnet" "glmnet::cv.glmnet" "cv_coeffs_glmnet" "statistic" "knockoff.filter" 
".Fortran" "elnet" "glmnet" "glmnet::cv.glmnet" "cv_coeffs_glmnet" "statistic" "knockoff.filter" 
".Fortran" "elnet" "glmnet" "glmnet::cv.glmnet" "cv_coeffs_glmnet" "statistic" "knockoff.filter" 
"matrix" "getcoef" "elnet" "glmnet" "glmnet::cv.glmnet" "cv_coeffs_glmnet" "statistic" "knockoff.filter" 
"as.character" "getSlots" "setDataPart" ".asCoerceMethod" "as" "validityMethod" "isTRUE" "anyStrings" "validObject" ".nextMethod" "callNextMethod" "initialize" "initialize" "new" ">" ">" "as.vector" "nonzeroCoef" "predict.glmnet" "NextMethod" "predict.elnet" "predict" "lapply" "sapply" "glmnet::cv.glmnet" "cv_coeffs_glmnet" "statistic" "knockoff.filter" 
".Fortran" "elnet" "glmnet" "glmnet::cv.glmnet" "cv_coeffs_glmnet" "statistic" "knockoff.filter" 
".Fortran" "elnet" "glmnet" "glmnet::cv.glmnet" "cv_coeffs_glmnet" "statistic" "knockoff.filter" 
".Fortran" "elnet" "glmnet" "glmnet::cv.glmnet" "cv_coeffs_glmnet" "statistic" "knockoff.filter" 
".Fortran" "elnet" "glmnet" "glmnet::cv.glmnet" "cv_coeffs_glmnet" "statistic" "knockoff.filter" 
"drop0" "getcoef" "elnet" "glmnet" "glmnet::cv.glmnet" "cv_coeffs_glmnet" "statistic" "knockoff.filter" 
".Fortran" "elnet" "glmnet" "glmnet::cv.glmnet" "cv_coeffs_glmnet" "statistic" "knockoff.filter" 
".Fortran" "elnet" "glmnet" "glmnet::cv.glmnet" "cv_coeffs_glmnet" "statistic" "knockoff.filter" 
".Fortran" "elnet" "glmnet" "glmnet::cv.glmnet" "cv_coeffs_glmnet" "statistic" "knockoff.filter" 
"drop0" "getcoef" "elnet" "glmnet" "glmnet::cv.glmnet" "cv_coeffs_glmnet" "statistic" "knockoff.filter" 
".Fortran" "elnet" "glmnet" "glmnet::cv.glmnet" "cv_coeffs_glmnet" "statistic" "knockoff.filter" 
".Fortran" "elnet" "glmnet" "glmnet::cv.glmnet" "cv_coeffs_glmnet" "statistic" "knockoff.filter" 
".Fortran" "elnet" "glmnet" "glmnet::cv.glmnet" "cv_coeffs_glmnet" "statistic" "knockoff.filter" 
".Fortran" "elnet" "glmnet" "glmnet::cv.glmnet" "cv_coeffs_glmnet" "statistic" "knockoff.filter" 
".Fortran" "elnet" "glmnet" "glmnet::cv.glmnet" "cv_coeffs_glmnet" "statistic" "knockoff.filter" 
".Fortran" "elnet" "glmnet" "glmnet::cv.glmnet" "cv_coeffs_glmnet" "statistic" "knockoff.filter" 
".Fortran" "elnet" "glmnet" "glmnet::cv.glmnet" "cv_coeffs_glmnet" "statistic" "knockoff.filter" 
".Fortran" "elnet" "glmnet" "glmnet::cv.glmnet" "cv_coeffs_glmnet" "statistic" "knockoff.filter" 
".Fortran" "elnet" "glmnet" "glmnet::cv.glmnet" "cv_coeffs_glmnet" "statistic" "knockoff.filter" 
".Fortran" "elnet" "glmnet" "glmnet::cv.glmnet" "cv_coeffs_glmnet" "statistic" "knockoff.filter" 
"seq.default" "seq" "matrix" "getcoef" "elnet" "glmnet" "glmnet::cv.glmnet" "cv_coeffs_glmnet" "statistic" "knockoff.filter" 
".Fortran" "elnet" "glmnet" "glmnet::cv.glmnet" "cv_coeffs_glmnet" "statistic" "knockoff.filter" 
".Fortran" "elnet" "glmnet" "glmnet::cv.glmnet" "cv_coeffs_glmnet" "statistic" "knockoff.filter" 
".Fortran" "elnet" "glmnet" "glmnet::cv.glmnet" "cv_coeffs_glmnet" "statistic" "knockoff.filter" 
".Fortran" "elnet" "glmnet" "glmnet::cv.glmnet" "cv_coeffs_glmnet" "statistic" "knockoff.filter" 
"matrix" "getcoef" "elnet" "glmnet" "glmnet::cv.glmnet" "cv_coeffs_glmnet" "statistic" "knockoff.filter" 
"matrix" "getcoef" "elnet" "glmnet" "glmnet::cv.glmnet" "cv_coeffs_glmnet" "statistic" "knockoff.filter" 
"matrix" "getcoef" "elnet" "glmnet" "glmnet::cv.glmnet" "cv_coeffs_glmnet" "statistic" "knockoff.filter" 
"matrix" "getcoef" "elnet" "glmnet" "glmnet::cv.glmnet" "cv_coeffs_glmnet" "statistic" "knockoff.filter" 
"matrix" "getcoef" "elnet" "glmnet" "glmnet::cv.glmnet" "cv_coeffs_glmnet" "statistic" "knockoff.filter" 
"drop0" "getcoef" "elnet" "glmnet" "glmnet::cv.glmnet" "cv_coeffs_glmnet" "statistic" "knockoff.filter" 
".Fortran" "elnet" "glmnet" "glmnet::cv.glmnet" "cv_coeffs_glmnet" "statistic" "knockoff.filter" 
".Fortran" "elnet" "glmnet" "glmnet::cv.glmnet" "cv_coeffs_glmnet" "statistic" "knockoff.filter" 
".Fortran" "elnet" "glmnet" "glmnet::cv.glmnet" "cv_coeffs_glmnet" "statistic" "knockoff.filter" 
"seq.default" "seq" "matrix" "getcoef" "elnet" "glmnet" "glmnet::cv.glmnet" "cv_coeffs_glmnet" "statistic" "knockoff.filter" 
".Fortran" "elnet" "glmnet" "glmnet::cv.glmnet" "cv_coeffs_glmnet" "statistic" "knockoff.filter" 
".Fortran" "elnet" "glmnet" "glmnet::cv.glmnet" "cv_coeffs_glmnet" "statistic" "knockoff.filter" 
".Fortran" "elnet" "glmnet" "glmnet::cv.glmnet" "cv_coeffs_glmnet" "statistic" "knockoff.filter" 
".Fortran" "elnet" "glmnet" "glmnet::cv.glmnet" "cv_coeffs_glmnet" "statistic" "knockoff.filter" 
"apply" "getcoef" "elnet" "glmnet" "glmnet::cv.glmnet" "cv_coeffs_glmnet" "statistic" "knockoff.filter" 
".Fortran" "elnet" "glmnet" "glmnet::cv.glmnet" "cv_coeffs_glmnet" "statistic" "knockoff.filter" 
".Fortran" "elnet" "glmnet" "glmnet::cv.glmnet" "cv_coeffs_glmnet" "statistic" "knockoff.filter" 
".Fortran" "elnet" "glmnet" "glmnet::cv.glmnet" "cv_coeffs_glmnet" "statistic" "knockoff.filter" 
".Fortran" "elnet" "glmnet" "glmnet::cv.glmnet" "cv_coeffs_glmnet" "statistic" "knockoff.filter" 
".Fortran" "elnet" "glmnet" "glmnet::cv.glmnet" "cv_coeffs_glmnet" "statistic" "knockoff.filter" 
".Fortran" "elnet" "glmnet" "glmnet::cv.glmnet" "cv_coeffs_glmnet" "statistic" "knockoff.filter" 
".Fortran" "elnet" "glmnet" "glmnet::cv.glmnet" "cv_coeffs_glmnet" "statistic" "knockoff.filter" 
"paste" "getcoef" "elnet" "glmnet" "glmnet::cv.glmnet" "cv_coeffs_glmnet" "statistic" "knockoff.filter" 
"Cspdiagprod" "%*%" "%*%" "%*%" "predict.glmnet" "NextMethod" "predict.elnet" "predict" "cv.elnet" "do.call" "glmnet::cv.glmnet" "cv_coeffs_glmnet" "statistic" "knockoff.filter" 
"intI" "subCsp_cols" "[" "[" "predict.glmnet" "NextMethod" "predict.elnet" "predict" "cv.elnet" "do.call" "glmnet::cv.glmnet" "cv_coeffs_glmnet" "statistic" "knockoff.filter" 
".Arith.Csparse" "+" "+" "predict.glmnet" "NextMethod" "predict.elnet" "predict" "cv.elnet" "do.call" "glmnet::cv.glmnet" "cv_coeffs_glmnet" "statistic" "knockoff.filter" 
"subCsp_cols" "[" "[" "predict.glmnet" "NextMethod" "predict.elnet" "predict" "cv.elnet" "do.call" "glmnet::cv.glmnet" "cv_coeffs_glmnet" "statistic" "knockoff.filter" 
"subCsp_cols" "[" "[" "predict.glmnet" "NextMethod" "predict.elnet" "predict" "cv.elnet" "do.call" "glmnet::cv.glmnet" "cv_coeffs_glmnet" "statistic" "knockoff.filter" 
"weighted.mean.default" "FUN" "apply" "cvcompute" "cv.elnet" "do.call" "glmnet::cv.glmnet" "cv_coeffs_glmnet" "statistic" "knockoff.filter" 
"weighted.mean.default" "FUN" "apply" "cvcompute" "cv.elnet" "do.call" "glmnet::cv.glmnet" "cv_coeffs_glmnet" "statistic" "knockoff.filter" 
"weighted.mean.default" "FUN" "apply" "cv.elnet" "do.call" "glmnet::cv.glmnet" "cv_coeffs_glmnet" "statistic" "knockoff.filter" 
